<?xml version="1.0" encoding="utf-8"?><testsuites name="pytest tests"><testsuite name="pytest" errors="0" failures="5" skipped="0" tests="5" time="3.745" timestamp="2026-08-22T09:44:28.642304+00:00" hostname="agent-env-7b6d9764-a390-4c32-af97-7a28d9cfaa0f"><testcase classname="tests.backend_test" name="test_demo_login_route" time="0.331"><failure message="assert 404 == 200&#10; +  where 404 = &lt;Response [404]&gt;.status_code">def test_demo_login_route():
        response = requests.post(
            f"{BASE_URL}/api/auth/login",
            json={"username": "rajesh", "password": "demo123"},
            timeout=15,
        )
&gt;       assert response.status_code == 200
E       assert 404 == 200
E        +  where 404 = &lt;Response [404]&gt;.status_code

backend/tests/backend_test.py:14: AssertionError</failure></testcase><testcase classname="tests.backend_test" name="test_invalid_login_is_rejected" time="0.451"><failure message="assert 404 == 401&#10; +  where 404 = &lt;Response [404]&gt;.status_code">def test_invalid_login_is_rejected():
        response = requests.post(
            f"{BASE_URL}/api/auth/login",
            json={"username": "invalid", "password": "invalid"},
            timeout=15,
        )
&gt;       assert response.status_code == 401
E       assert 404 == 401
E        +  where 404 = &lt;Response [404]&gt;.status_code

backend/tests/backend_test.py:24: AssertionError</failure></testcase><testcase classname="tests.backend_test" name="test_organizations_route_returns_shop_data" time="0.156"><failure message="assert 404 == 200&#10; +  where 404 = &lt;Response [404]&gt;.status_code">def test_organizations_route_returns_shop_data():
        response = requests.get(f"{BASE_URL}/api/organizations", timeout=15)
&gt;       assert response.status_code == 200
E       assert 404 == 200
E        +  where 404 = &lt;Response [404]&gt;.status_code

backend/tests/backend_test.py:29: AssertionError</failure></testcase><testcase classname="tests.backend_test" name="test_customer_route_returns_customer_data" time="0.155"><failure message="assert 404 == 200&#10; +  where 404 = &lt;Response [404]&gt;.status_code">def test_customer_route_returns_customer_data():
        response = requests.get(
            f"{BASE_URL}/api/organizations/1/customers", timeout=15
        )
&gt;       assert response.status_code == 200
E       assert 404 == 200
E        +  where 404 = &lt;Response [404]&gt;.status_code

backend/tests/backend_test.py:37: AssertionError</failure></testcase><testcase classname="tests.backend_test" name="test_transaction_route_supports_date_filters" time="0.150"><failure message="assert 404 == 200&#10; +  where 404 = &lt;Response [404]&gt;.status_code">def test_transaction_route_supports_date_filters():
        response = requests.get(
            f"{BASE_URL}/api/customers/1/transactions",
            params={"from": "2024-06-01", "to": "2024-06-30"},
            timeout=15,
        )
&gt;       assert response.status_code == 200
E       assert 404 == 200
E        +  where 404 = &lt;Response [404]&gt;.status_code

backend/tests/backend_test.py:47: AssertionError</failure></testcase></testsuite></testsuites>